--- Cleaning and building projects... ---
--- Cleaning project files ---
rm -rf bin
rm -f *.o
--- Compiling scan_multiblock.cu -> bin/scan_multiblock ---
/apps/system/easybuild/software/CUDA/12.6.0/bin/nvcc scan_multiblock.cu -o bin/scan_multiblock -I/apps/system/easybuild/software/CUDA/12.6.0/include -I. -I. -lineinfo -arch=sm_70 --ptxas-options=-v --use_fast_math -L/apps/system/easybuild/software/CUDA/12.6.0/lib64 -lcudart
--- Compiling scan_shuffle.cu -> bin/scan_shuffle ---
/apps/system/easybuild/software/CUDA/12.6.0/bin/nvcc scan_shuffle.cu -o bin/scan_shuffle -I/apps/system/easybuild/software/CUDA/12.6.0/include -I. -I. -lineinfo -arch=sm_70 --ptxas-options=-v --use_fast_math -L/apps/system/easybuild/software/CUDA/12.6.0/lib64 -lcudart
--- Compiling scan_recurrence.cu -> bin/scan_recurrence ---
/apps/system/easybuild/software/CUDA/12.6.0/bin/nvcc scan_recurrence.cu -o bin/scan_recurrence -I/apps/system/easybuild/software/CUDA/12.6.0/include -I. -I. -lineinfo -arch=sm_70 --ptxas-options=-v --use_fast_math -L/apps/system/easybuild/software/CUDA/12.6.0/lib64 -lcudart
--- Build complete. ---

--- Running scan_multiblock ---
Number of elements: 1000000
Threads per block:  512
Number of blocks:   1954

Using GPU 0: Tesla V100-SXM2-32GB-LS
RMS scan error  = 2127558.750000

--- Running scan_shuffle ---
Using GPU 0: Tesla V100-SXM2-32GB-LS
RMS scan error  = 755.219482

--- Running scan_recurrence ---
Using GPU 0: Tesla V100-SXM2-32GB-LS
RMS error (a) = 0.000141
RMS error (b) = 0.148195

--- All jobs finished. ---
