Cleaning up...
rm -rf bin
Building bin/prac2...
nvcc prac2.cu -o bin/prac2 -I/apps/system/easybuild/software/CUDA/12.6.0/include -I. -I../headers -lineinfo -arch=sm_70 --ptxas-options=-v --use_fast_math -L/apps/system/easybuild/software/CUDA/12.6.0/lib64 -lcudart -lcurand
ptxas info    : 0 bytes gmem, 36 bytes cmem[3]
ptxas info    : Compiling entry function '_Z8pathcalcPfS_' for 'sm_70'
ptxas info    : Function properties for _Z8pathcalcPfS_
    0 bytes stack frame, 0 bytes spill stores, 0 bytes spill loads
ptxas info    : Used 30 registers, used 0 barriers, 368 bytes cmem[0]
Building bin/prac2_device...
nvcc prac2_device.cu -o bin/prac2_device -I/apps/system/easybuild/software/CUDA/12.6.0/include -I. -I../headers -lineinfo -arch=sm_70 --ptxas-options=-v --use_fast_math -L/apps/system/easybuild/software/CUDA/12.6.0/lib64 -lcudart -lcurand
ptxas info    : 218048 bytes gmem, 108 bytes cmem[3], 64 bytes cmem[4]
ptxas info    : Compiling entry function '_Z8pathcalcP17curandStateXORWOWPfii' for 'sm_70'
ptxas info    : Function properties for _Z8pathcalcP17curandStateXORWOWPfii
    0 bytes stack frame, 0 bytes spill stores, 0 bytes spill loads
ptxas info    : Used 29 registers, used 0 barriers, 376 bytes cmem[0]
ptxas info    : Compiling entry function '_Z8RNG_initP17curandStateXORWOW' for 'sm_70'
ptxas info    : Function properties for _Z8RNG_initP17curandStateXORWOW
    0 bytes stack frame, 0 bytes spill stores, 0 bytes spill loads
ptxas info    : Used 32 registers, used 0 barriers, 360 bytes cmem[0]
Building bin/prac2_benchmark...
nvcc prac2_benchmark.cu -o bin/prac2_benchmark -I/apps/system/easybuild/software/CUDA/12.6.0/include -I. -I../headers -lineinfo -arch=sm_70 --ptxas-options=-v --use_fast_math -L/apps/system/easybuild/software/CUDA/12.6.0/lib64 -lcudart -lcurand
ptxas info    : 0 bytes gmem, 36 bytes cmem[3]
ptxas info    : Compiling entry function '_Z8pathcalcPfS_i' for 'sm_70'
ptxas info    : Function properties for _Z8pathcalcPfS_i
    0 bytes stack frame, 0 bytes spill stores, 0 bytes spill loads
ptxas info    : Used 30 registers, used 0 barriers, 372 bytes cmem[0]
GPU Device 0: "Volta" with compute capability 7.0

CURAND normal RNG  execution time (ms): 281.555969,  samples/sec: 6.819248e+09 
Monte Carlo kernel execution time (ms): 11.590656 

Average value and standard deviation of error  =    0.41786269    0.00015237

GPU Device 0: "Volta" with compute capability 7.0

size of curandState is 48 bytes
maxActiveBlocks/SM = 16 
number of SMs      = 80 
RNG_init kernel execution time (ms): 1.645568 
pathcalc kernel execution time (ms): 6.397952 

Average value and standard deviation of error  =    0.41791590    0.00015237

RNGs/sec = 3.00096e+11 
Paths: 9600000 | Timesteps: 100 | Version: 1 | Threads/Block: 128
GPU Device 0: "Volta" with compute capability 7.0

Monte Carlo kernel execution time (ms): 10.178 

Average value and standard deviation of error  =    0.41786269    0.00015237

Paths: 9600000 | Timesteps: 100 | Version: 2 | Threads/Block: 128
GPU Device 0: "Volta" with compute capability 7.0

Monte Carlo kernel execution time (ms): 246.547 

Average value and standard deviation of error  =    0.41793859    0.00015237

