--- Cleaning and building projects... ---
rm -rf bin
nvcc tensorCUBLAS.cu -o bin/tensorCUBLAS -I/apps/system/easybuild/software/CUDA/12.6.0/include -I. -I../headers -lineinfo -arch=sm_70 --ptxas-options=-v --use_fast_math -L/apps/system/easybuild/software/CUDA/12.6.0/lib64 -lcudart -lcublas -lcurand -lcufft
nvcc simpleTensorCoreGEMM.cu -o bin/simpleTensorCoreGEMM -I/apps/system/easybuild/software/CUDA/12.6.0/include -I. -I../headers -lineinfo -arch=sm_70 --ptxas-options=-v --use_fast_math -L/apps/system/easybuild/software/CUDA/12.6.0/lib64 -lcudart -lcublas -lcurand -lcufft
nvcc compare_errors.cu -o bin/compare_errors -I/apps/system/easybuild/software/CUDA/12.6.0/include -I. -I../headers -lineinfo -arch=sm_70 --ptxas-options=-v --use_fast_math -L/apps/system/easybuild/software/CUDA/12.6.0/lib64 -lcudart -lcublas -lcurand -lcufft
nvcc covariance_calculator.cu -o bin/covariance_calculator -I/apps/system/easybuild/software/CUDA/12.6.0/include -I. -I../headers -lineinfo -arch=sm_70 --ptxas-options=-v --use_fast_math -L/apps/system/easybuild/software/CUDA/12.6.0/lib64 -lcudart -lcublas -lcurand -lcufft
--- Build complete. ---

--- Running simpleTensorCoreGEMM ---

M = 16384, N = 16384, K = 16384. alpha = 2.000000, beta = 2.000000

Running with wmma...
Running with cuBLAS...

Checking results...
Results verified: cublas and WMMA agree.

wmma took 841.478149ms
cublas took 142.763000ms

For a faster code using wmma you should check out the cudaTensorCoreGemm sample in the CUDA Toolkit.
This code was written as a demo only!


--- Running tensorCUBLAS ---
Time for SGEMM without Tensor Cores: 53.419712 ms
Time for SGEMM without Tensor Cores: 0.265216 ms
Time for SGEMM without Tensor Cores: 0.266240 ms
Time for SGEMM without Tensor Cores: 0.247808 ms
Time for SGEMM without Tensor Cores: 0.266240 ms
Verification passed!

Timie for SGEMM with Tensor Cores and TF32 (Ampere and beyond): 0.542592 ms
Timie for SGEMM with Tensor Cores and TF32 (Ampere and beyond): 0.329728 ms
Timie for SGEMM with Tensor Cores and TF32 (Ampere and beyond): 0.334848 ms
Timie for SGEMM with Tensor Cores and TF32 (Ampere and beyond): 0.326656 ms
Timie for SGEMM with Tensor Cores and TF32 (Ampere and beyond): 0.325632 ms
Verification passed!

Time for SGEMM with Tensor Cores and mixed precision (Volta): 20.379135 ms
Time for SGEMM with Tensor Cores and mixed precision (Volta): 0.079872 ms
Time for SGEMM with Tensor Cores and mixed precision (Volta): 0.076800 ms
Time for SGEMM with Tensor Cores and mixed precision (Volta): 0.075776 ms
Time for SGEMM with Tensor Cores and mixed precision (Volta): 0.074752 ms
Verification passed!


--- Running compare_errors ---
Calculating ground truth on CPU (this may take a moment)...
CPU calculation complete.

--- Analysis for: SGEMM (No Tensor Cores, FP32) ---
  Max Absolute Error: 2.275238e-04
  Max Relative Error: 9.333735e-07
---------------------------------------

--- Analysis for: SGEMM (TF32 Tensor Cores) ---
  Max Absolute Error: 2.275238e-04
  Max Relative Error: 9.333735e-07
---------------------------------------

--- Analysis for: SGEMM (Mixed-Precision FP16) ---
  Max Absolute Error: 1.810161e-02
  Max Relative Error: 7.021094e-05
---------------------------------------


--- Running covariance_calculator ---
Calculating 1024x1024 covariance matrix for 4096 samples with 1024 features.
GPU Covariance Matrix calculation complete.
Time taken: 6.516736 ms


